生成启动时间为 2014/12/11 22:57:17。
     1>项目“D:\实验\数据结构实验\三元组转置\三元组转置\三元组转置\三元组转置.vcxproj”在节点 2 上(Build 个目标)。
     1>ClCompile:
         E:\编译器\VC\bin\CL.exe /c /ZI /nologo /W3 /WX- /Od /Oy- /D WIN32 /D _DEBUG /D _CONSOLE /D _UNICODE /D UNICODE /Gm /EHsc /RTC1 /MDd /GS /fp:precise /Zc:wchar_t /Zc:forScope /Fo"Debug\\" /Fd"Debug\vc110.pdb" /Gd /TP /analyze- /errorReport:prompt "三元组转置.cpp"
         三元组转置.cpp
     1>d:\实验\数据结构实验\三元组转置\三元组转置\三元组转置\三元组转置.cpp(52): error C2062: 意外的类型“int”
     1>C:\Program Files\MSBuild\Microsoft.Cpp\v4.0\V110\Microsoft.CppCommon.targets(347,5): error MSB6006: “CL.exe”已退出，代码为 2。
     1>d:\实验\数据结构实验\三元组转置\三元组转置\三元组转置\三元组转置.cpp(52): error C2065: “m”: 未声明的标识符
     1>d:\实验\数据结构实验\三元组转置\三元组转置\三元组转置\三元组转置.cpp(52): error C2065: “n”: 未声明的标识符
     1>d:\实验\数据结构实验\三元组转置\三元组转置\三元组转置\三元组转置.cpp(52): error C2143: 语法错误 : 缺少“;”(在“)”的前面)
     1>已完成生成项目“D:\实验\数据结构实验\三元组转置\三元组转置\三元组转置\三元组转置.vcxproj”(Build 个目标)的操作 - 失败。

生成失败。

已用时间 00:00:01.65
